<?xml version="1.0" encoding="UTF-8"?>
<!-- Generated by org.testng.reporters.JUnitXMLReporter -->
<testsuite ignored="1" hostname="LAPTOP-M81C0ERQ" failures="0" tests="3" name="Default test" time="9.472" errors="0" timestamp="2022-06-27T18:48:36 IST">
  <testcase classname="TestCases.LoginPageTest" name="verifyTitleTest" time="0.014"/>
  <testcase classname="TestCases.LoginPageTest" name="verifykiteLogoTest" time="0.056"/>
  <testcase classname="TestCases.LoginPageTest" name="verifyzerodhaLogoTest" time="0.037"/>
  <testcase classname="TestCases.LoginPageTest" name="loginToAppTest" time="0.0">
    <ignored/>
  </testcase> <!-- loginToAppTest -->
</testsuite> <!-- Default test -->
