<?xml version="1.0" encoding="UTF-8"?>
<!-- Generated by org.testng.reporters.JUnitXMLReporter -->
<testsuite ignored="0" hostname="LAPTOP-M81C0ERQ" failures="0" tests="3" name="Test" time="24.023" errors="0" timestamp="2022-06-22T19:43:05 IST">
  <testcase classname="TestCases.ParallelTest" name="openFB" time="12.555"/>
  <testcase classname="TestCases.ParallelTest" name="openAmazon" time="13.655"/>
  <testcase classname="TestCases.ParallelTest" name="openGoogle" time="11.435"/>
</testsuite> <!-- Test -->
