<?xml version="1.0" encoding="UTF-8"?>
<testng-results ignored="1" total="4" passed="3" failed="0" skipped="0">
  <reporter-output>
  </reporter-output>
  <suite started-at="2022-06-27T18:48:26 IST" name="Default suite" finished-at="2022-06-27T18:48:36 IST" duration-ms="9472">
    <groups>
    </groups>
    <test started-at="2022-06-27T18:48:26 IST" name="Default test" finished-at="2022-06-27T18:48:36 IST" duration-ms="9472">
      <class name="TestCases.LoginPageTest">
        <test-method is-config="true" signature="setup()[pri:0, instance:TestCases.LoginPageTest@31fa1761]" started-at="2022-06-27T18:48:26 IST" name="setup" finished-at="2022-06-27T18:48:31 IST" duration-ms="4879" status="PASS">
          <reporter-output>
          </reporter-output>
        </test-method> <!-- setup -->
        <test-method signature="verifyTitleTest()[pri:0, instance:TestCases.LoginPageTest@31fa1761]" started-at="2022-06-27T18:48:31 IST" name="verifyTitleTest" finished-at="2022-06-27T18:48:31 IST" duration-ms="14" status="PASS">
          <reporter-output>
          </reporter-output>
        </test-method> <!-- verifyTitleTest -->
        <test-method is-config="true" signature="exit()[pri:0, instance:TestCases.LoginPageTest@31fa1761]" started-at="2022-06-27T18:48:31 IST" name="exit" finished-at="2022-06-27T18:48:32 IST" duration-ms="378" status="PASS">
          <reporter-output>
          </reporter-output>
        </test-method> <!-- exit -->
        <test-method is-config="true" signature="setup()[pri:0, instance:TestCases.LoginPageTest@31fa1761]" started-at="2022-06-27T18:48:32 IST" name="setup" finished-at="2022-06-27T18:48:33 IST" duration-ms="1784" status="PASS">
          <reporter-output>
          </reporter-output>
        </test-method> <!-- setup -->
        <test-method signature="verifykiteLogoTest()[pri:0, instance:TestCases.LoginPageTest@31fa1761]" started-at="2022-06-27T18:48:33 IST" name="verifykiteLogoTest" finished-at="2022-06-27T18:48:33 IST" depends-on-methods="TestCases.LoginPageTest.verifyTitleTest" duration-ms="56" status="PASS">
          <reporter-output>
          </reporter-output>
        </test-method> <!-- verifykiteLogoTest -->
        <test-method is-config="true" signature="exit()[pri:0, instance:TestCases.LoginPageTest@31fa1761]" started-at="2022-06-27T18:48:33 IST" name="exit" finished-at="2022-06-27T18:48:34 IST" duration-ms="272" status="PASS">
          <reporter-output>
          </reporter-output>
        </test-method> <!-- exit -->
        <test-method is-config="true" signature="setup()[pri:0, instance:TestCases.LoginPageTest@31fa1761]" started-at="2022-06-27T18:48:34 IST" name="setup" finished-at="2022-06-27T18:48:36 IST" duration-ms="1861" status="PASS">
          <reporter-output>
          </reporter-output>
        </test-method> <!-- setup -->
        <test-method signature="verifyzerodhaLogoTest()[pri:0, instance:TestCases.LoginPageTest@31fa1761]" started-at="2022-06-27T18:48:36 IST" name="verifyzerodhaLogoTest" finished-at="2022-06-27T18:48:36 IST" depends-on-methods="TestCases.LoginPageTest.verifyTitleTest" duration-ms="37" status="PASS">
          <reporter-output>
          </reporter-output>
        </test-method> <!-- verifyzerodhaLogoTest -->
        <test-method is-config="true" signature="exit()[pri:0, instance:TestCases.LoginPageTest@31fa1761]" started-at="2022-06-27T18:48:36 IST" name="exit" finished-at="2022-06-27T18:48:36 IST" duration-ms="143" status="PASS">
          <reporter-output>
          </reporter-output>
        </test-method> <!-- exit -->
      </class> <!-- TestCases.LoginPageTest -->
    </test> <!-- Default test -->
  </suite> <!-- Default suite -->
</testng-results>
